# JRE version: OpenJDK Runtime Environment Temurin-17.0.10+7 (17.0.10+7) (build 17.0.10+7)
# Java VM: OpenJDK 64-Bit Server VM Temurin-17.0.10+7 (17.0.10+7, mixed mode, tiered, compressed oops, compressed class ptrs, parallel gc, windows-amd64)
GC Precious Log:
 CPUs: 4 total, 4 available
 Memory: 3460M
 Large Page Support: Disabled
 NUMA Support: Disabled
 Compressed Oops: Enabled (32-bit)
 Alignments: Space 512K, Generation 512K, Heap 2M
 Heap Min Capacity: 100M
 Heap Initial Capacity: 100M
 Heap Max Capacity: 1G
 Pre-touch: Disabled
 Parallel Workers: 4
Heap:
 PSYoungGen      total 5120K, used 2374K [0x00000000eab00000, 0x00000000eb180000, 0x0000000100000000)
  eden space 4096K, 54% used [0x00000000eab00000,0x00000000ead319d8,0x00000000eaf00000)
  from space 1024K, 12% used [0x00000000eaf80000,0x00000000eafa0000,0x00000000eb080000)
  to   space 512K, 0% used [0x00000000eb100000,0x00000000eb100000,0x00000000eb180000)
 ParOldGen       total 303616K, used 296617K [0x00000000c0000000, 0x00000000d2880000, 0x00000000eab00000)
  object space 303616K, 97% used [0x00000000c0000000,0x00000000d21aa498,0x00000000d2880000)
 Metaspace       used 65318K, committed 66368K, reserved 1114112K
  class space    used 7481K, committed 7936K, reserved 1048576K
GC Heap History (20 events):
Event: 125.351 GC heap before
{Heap before GC invocations=391 (full 13):
 PSYoungGen      total 4096K, used 4009K [0x00000000eab00000, 0x00000000eb000000, 0x0000000100000000)
  eden space 3072K, 99% used [0x00000000eab00000,0x00000000eadf8c28,0x00000000eae00000)
  from space 1024K, 94% used [0x00000000eae00000,0x00000000eaef19a0,0x00000000eaf00000)
  to   space 1024K, 0% used [0x00000000eaf00000,0x00000000eaf00000,0x00000000eb000000)
 ParOldGen       total 303616K, used 287342K [0x00000000c0000000, 0x00000000d2880000, 0x00000000eab00000)
  object space 303616K, 94% used [0x00000000c0000000,0x00000000d189bab8,0x00000000d2880000)
 Metaspace       used 65017K, committed 66112K, reserved 1114112K
  class space    used 7466K, committed 7936K, reserved 1048576K
}
Event: 125.354 GC heap after
{Heap after GC invocations=391 (full 13):
 PSYoungGen      total 4096K, used 992K [0x00000000eab00000, 0x00000000eb100000, 0x0000000100000000)
  eden space 3072K, 0% used [0x00000000eab00000,0x00000000eab00000,0x00000000eae00000)
  from space 1024K, 96% used [0x00000000eaf00000,0x00000000eaff81e8,0x00000000eb000000)
  to   space 1024K, 0% used [0x00000000eae00000,0x00000000eae00000,0x00000000eaf00000)
 ParOldGen       total 303616K, used 288568K [0x00000000c0000000, 0x00000000d2880000, 0x00000000eab00000)
  object space 303616K, 95% used [0x00000000c0000000,0x00000000d19ce300,0x00000000d2880000)
 Metaspace       used 65017K, committed 66112K, reserved 1114112K
  class space    used 7466K, committed 7936K, reserved 1048576K
}
Event: 125.367 GC heap before
{Heap before GC invocations=392 (full 13):
 PSYoungGen      total 4096K, used 3991K [0x00000000eab00000, 0x00000000eb100000, 0x0000000100000000)
  eden space 3072K, 97% used [0x00000000eab00000,0x00000000eadedd50,0x00000000eae00000)
  from space 1024K, 96% used [0x00000000eaf00000,0x00000000eaff81e8,0x00000000eb000000)
  to   space 1024K, 0% used [0x00000000eae00000,0x00000000eae00000,0x00000000eaf00000)
 ParOldGen       total 303616K, used 288568K [0x00000000c0000000, 0x00000000d2880000, 0x00000000eab00000)
  object space 303616K, 95% used [0x00000000c0000000,0x00000000d19ce300,0x00000000d2880000)
 Metaspace       used 65017K, committed 66112K, reserved 1114112K
  class space    used 7466K, committed 7936K, reserved 1048576K
}
Event: 125.371 GC heap after
{Heap after GC invocations=392 (full 13):
 PSYoungGen      total 4096K, used 1002K [0x00000000eab00000, 0x00000000eb100000, 0x0000000100000000)
  eden space 3072K, 0% used [0x00000000eab00000,0x00000000eab00000,0x00000000eae00000)
  from space 1024K, 97% used [0x00000000eae00000,0x00000000eaefa9f0,0x00000000eaf00000)
  to   space 1024K, 0% used [0x00000000eb000000,0x00000000eb000000,0x00000000eb100000)
 ParOldGen       total 303616K, used 289766K [0x00000000c0000000, 0x00000000d2880000, 0x00000000eab00000)
  object space 303616K, 95% used [0x00000000c0000000,0x00000000d1af9968,0x00000000d2880000)
 Metaspace       used 65017K, committed 66112K, reserved 1114112K
  class space    used 7466K, committed 7936K, reserved 1048576K
}
Event: 125.382 GC heap before
{Heap before GC invocations=393 (full 13):
 PSYoungGen      total 4096K, used 4074K [0x00000000eab00000, 0x00000000eb100000, 0x0000000100000000)
  eden space 3072K, 100% used [0x00000000eab00000,0x00000000eae00000,0x00000000eae00000)
  from space 1024K, 97% used [0x00000000eae00000,0x00000000eaefa9f0,0x00000000eaf00000)
  to   space 1024K, 0% used [0x00000000eb000000,0x00000000eb000000,0x00000000eb100000)
 ParOldGen       total 303616K, used 289766K [0x00000000c0000000, 0x00000000d2880000, 0x00000000eab00000)
  object space 303616K, 95% used [0x00000000c0000000,0x00000000d1af9968,0x00000000d2880000)
 Metaspace       used 65017K, committed 66112K, reserved 1114112K
  class space    used 7466K, committed 7936K, reserved 1048576K
}
Event: 125.385 GC heap after
{Heap after GC invocations=393 (full 13):
 PSYoungGen      total 3584K, used 1007K [0x00000000eab00000, 0x00000000eb400000, 0x0000000100000000)
  eden space 2560K, 0% used [0x00000000eab00000,0x00000000eab00000,0x00000000ead80000)
  from space 1024K, 98% used [0x00000000eb000000,0x00000000eb0fbd00,0x00000000eb100000)
  to   space 2560K, 0% used [0x00000000ead80000,0x00000000ead80000,0x00000000eb000000)
 ParOldGen       total 303616K, used 291037K [0x00000000c0000000, 0x00000000d2880000, 0x00000000eab00000)
  object space 303616K, 95% used [0x00000000c0000000,0x00000000d1c37720,0x00000000d2880000)
 Metaspace       used 65017K, committed 66112K, reserved 1114112K
  class space    used 7466K, committed 7936K, reserved 1048576K
}
Event: 125.416 GC heap before
{Heap before GC invocations=394 (full 13):
 PSYoungGen      total 3584K, used 3534K [0x00000000eab00000, 0x00000000eb400000, 0x0000000100000000)
  eden space 2560K, 98% used [0x00000000eab00000,0x00000000ead77c38,0x00000000ead80000)
  from space 1024K, 98% used [0x00000000eb000000,0x00000000eb0fbd00,0x00000000eb100000)
  to   space 2560K, 0% used [0x00000000ead80000,0x00000000ead80000,0x00000000eb000000)
 ParOldGen       total 303616K, used 291037K [0x00000000c0000000, 0x00000000d2880000, 0x00000000eab00000)
  object space 303616K, 95% used [0x00000000c0000000,0x00000000d1c37720,0x00000000d2880000)
 Metaspace       used 65017K, committed 66112K, reserved 1114112K
  class space    used 7466K, committed 7936K, reserved 1048576K
}
Event: 125.419 GC heap after
{Heap after GC invocations=394 (full 13):
 PSYoungGen      total 4096K, used 1032K [0x00000000eab00000, 0x00000000eb100000, 0x0000000100000000)
  eden space 2560K, 0% used [0x00000000eab00000,0x00000000eab00000,0x00000000ead80000)
  from space 1536K, 67% used [0x00000000ead80000,0x00000000eae82048,0x00000000eaf00000)
  to   space 1536K, 0% used [0x00000000eaf80000,0x00000000eaf80000,0x00000000eb100000)
 ParOldGen       total 303616K, used 292011K [0x00000000c0000000, 0x00000000d2880000, 0x00000000eab00000)
  object space 303616K, 96% used [0x00000000c0000000,0x00000000d1d2ae18,0x00000000d2880000)
 Metaspace       used 65017K, committed 66112K, reserved 1114112K
  class space    used 7466K, committed 7936K, reserved 1048576K
}
Event: 125.433 GC heap before
{Heap before GC invocations=395 (full 13):
 PSYoungGen      total 4096K, used 3578K [0x00000000eab00000, 0x00000000eb100000, 0x0000000100000000)
  eden space 2560K, 99% used [0x00000000eab00000,0x00000000ead7c828,0x00000000ead80000)
  from space 1536K, 67% used [0x00000000ead80000,0x00000000eae82048,0x00000000eaf00000)
  to   space 1536K, 0% used [0x00000000eaf80000,0x00000000eaf80000,0x00000000eb100000)
 ParOldGen       total 303616K, used 292011K [0x00000000c0000000, 0x00000000d2880000, 0x00000000eab00000)
  object space 303616K, 96% used [0x00000000c0000000,0x00000000d1d2ae18,0x00000000d2880000)
 Metaspace       used 65017K, committed 66112K, reserved 1114112K
  class space    used 7466K, committed 7936K, reserved 1048576K
}
Event: 125.437 GC heap after
{Heap after GC invocations=395 (full 13):
 PSYoungGen      total 4608K, used 1100K [0x00000000eab00000, 0x00000000eb100000, 0x0000000100000000)
  eden space 3072K, 0% used [0x00000000eab00000,0x00000000eab00000,0x00000000eae00000)
  from space 1536K, 71% used [0x00000000eaf80000,0x00000000eb093078,0x00000000eb100000)
  to   space 1536K, 0% used [0x00000000eae00000,0x00000000eae00000,0x00000000eaf80000)
 ParOldGen       total 303616K, used 292999K [0x00000000c0000000, 0x00000000d2880000, 0x00000000eab00000)
  object space 303616K, 96% used [0x00000000c0000000,0x00000000d1e21c28,0x00000000d2880000)
 Metaspace       used 65017K, committed 66112K, reserved 1114112K
  class space    used 7466K, committed 7936K, reserved 1048576K
}
Event: 125.555 GC heap before
{Heap before GC invocations=396 (full 13):
 PSYoungGen      total 4608K, used 4172K [0x00000000eab00000, 0x00000000eb100000, 0x0000000100000000)
  eden space 3072K, 100% used [0x00000000eab00000,0x00000000eae00000,0x00000000eae00000)
  from space 1536K, 71% used [0x00000000eaf80000,0x00000000eb093078,0x00000000eb100000)
  to   space 1536K, 0% used [0x00000000eae00000,0x00000000eae00000,0x00000000eaf80000)
 ParOldGen       total 303616K, used 292999K [0x00000000c0000000, 0x00000000d2880000, 0x00000000eab00000)
  object space 303616K, 96% used [0x00000000c0000000,0x00000000d1e21c28,0x00000000d2880000)
 Metaspace       used 65017K, committed 66112K, reserved 1114112K
  class space    used 7466K, committed 7936K, reserved 1048576K
}
Event: 125.559 GC heap after
{Heap after GC invocations=396 (full 13):
 PSYoungGen      total 4608K, used 1034K [0x00000000eab00000, 0x00000000eb200000, 0x0000000100000000)
  eden space 3072K, 0% used [0x00000000eab00000,0x00000000eab00000,0x00000000eae00000)
  from space 1536K, 67% used [0x00000000eae00000,0x00000000eaf02ad0,0x00000000eaf80000)
  to   space 1536K, 0% used [0x00000000eb080000,0x00000000eb080000,0x00000000eb200000)
 ParOldGen       total 303616K, used 294016K [0x00000000c0000000, 0x00000000d2880000, 0x00000000eab00000)
  object space 303616K, 96% used [0x00000000c0000000,0x00000000d1f202f0,0x00000000d2880000)
 Metaspace       used 65017K, committed 66112K, reserved 1114112K
  class space    used 7466K, committed 7936K, reserved 1048576K
}
Event: 125.605 GC heap before
{Heap before GC invocations=397 (full 13):
 PSYoungGen      total 4608K, used 4106K [0x00000000eab00000, 0x00000000eb200000, 0x0000000100000000)
  eden space 3072K, 99% used [0x00000000eab00000,0x00000000eadffd60,0x00000000eae00000)
  from space 1536K, 67% used [0x00000000eae00000,0x00000000eaf02ad0,0x00000000eaf80000)
  to   space 1536K, 0% used [0x00000000eb080000,0x00000000eb080000,0x00000000eb200000)
 ParOldGen       total 303616K, used 294016K [0x00000000c0000000, 0x00000000d2880000, 0x00000000eab00000)
  object space 303616K, 96% used [0x00000000c0000000,0x00000000d1f202f0,0x00000000d2880000)
 Metaspace       used 65017K, committed 66112K, reserved 1114112K
  class space    used 7466K, committed 7936K, reserved 1048576K
}
Event: 125.608 GC heap after
{Heap after GC invocations=397 (full 13):
 PSYoungGen      total 5120K, used 1033K [0x00000000eab00000, 0x00000000eb200000, 0x0000000100000000)
  eden space 3584K, 0% used [0x00000000eab00000,0x00000000eab00000,0x00000000eae80000)
  from space 1536K, 67% used [0x00000000eb080000,0x00000000eb182450,0x00000000eb200000)
  to   space 1536K, 0% used [0x00000000eaf00000,0x00000000eaf00000,0x00000000eb080000)
 ParOldGen       total 303616K, used 294991K [0x00000000c0000000, 0x00000000d2880000, 0x00000000eab00000)
  object space 303616K, 97% used [0x00000000c0000000,0x00000000d2013d30,0x00000000d2880000)
 Metaspace       used 65017K, committed 66112K, reserved 1114112K
  class space    used 7466K, committed 7936K, reserved 1048576K
}
Event: 150.771 GC heap before
{Heap before GC invocations=398 (full 13):
 PSYoungGen      total 5120K, used 4617K [0x00000000eab00000, 0x00000000eb200000, 0x0000000100000000)
  eden space 3584K, 100% used [0x00000000eab00000,0x00000000eae80000,0x00000000eae80000)
  from space 1536K, 67% used [0x00000000eb080000,0x00000000eb182450,0x00000000eb200000)
  to   space 1536K, 0% used [0x00000000eaf00000,0x00000000eaf00000,0x00000000eb080000)
 ParOldGen       total 303616K, used 294991K [0x00000000c0000000, 0x00000000d2880000, 0x00000000eab00000)
  object space 303616K, 97% used [0x00000000c0000000,0x00000000d2013d30,0x00000000d2880000)
 Metaspace       used 65052K, committed 66176K, reserved 1114112K
  class space    used 7467K, committed 7936K, reserved 1048576K
}
Event: 151.185 GC heap after
{Heap after GC invocations=398 (full 13):
 PSYoungGen      total 5632K, used 1520K [0x00000000eab00000, 0x00000000eb300000, 0x0000000100000000)
  eden space 4096K, 0% used [0x00000000eab00000,0x00000000eab00000,0x00000000eaf00000)
  from space 1536K, 98% used [0x00000000eaf00000,0x00000000eb07c210,0x00000000eb080000)
  to   space 2048K, 0% used [0x00000000eb100000,0x00000000eb100000,0x00000000eb300000)
 ParOldGen       total 303616K, used 295133K [0x00000000c0000000, 0x00000000d2880000, 0x00000000eab00000)
  object space 303616K, 97% used [0x00000000c0000000,0x00000000d2037660,0x00000000d2880000)
 Metaspace       used 65052K, committed 66176K, reserved 1114112K
  class space    used 7467K, committed 7936K, reserved 1048576K
}
Event: 155.558 GC heap before
{Heap before GC invocations=399 (full 13):
 PSYoungGen      total 5632K, used 5616K [0x00000000eab00000, 0x00000000eb300000, 0x0000000100000000)
  eden space 4096K, 100% used [0x00000000eab00000,0x00000000eaf00000,0x00000000eaf00000)
  from space 1536K, 98% used [0x00000000eaf00000,0x00000000eb07c210,0x00000000eb080000)
  to   space 2048K, 0% used [0x00000000eb100000,0x00000000eb100000,0x00000000eb300000)
 ParOldGen       total 303616K, used 295133K [0x00000000c0000000, 0x00000000d2880000, 0x00000000eab00000)
  object space 303616K, 97% used [0x00000000c0000000,0x00000000d2037660,0x00000000d2880000)
 Metaspace       used 65215K, committed 66304K, reserved 1114112K
  class space    used 7473K, committed 7936K, reserved 1048576K
}
Event: 155.565 GC heap after
{Heap after GC invocations=399 (full 13):
 PSYoungGen      total 4608K, used 96K [0x00000000eab00000, 0x00000000eb180000, 0x0000000100000000)
  eden space 4096K, 0% used [0x00000000eab00000,0x00000000eab00000,0x00000000eaf00000)
  from space 512K, 18% used [0x00000000eb100000,0x00000000eb118000,0x00000000eb180000)
  to   space 1024K, 0% used [0x00000000eaf80000,0x00000000eaf80000,0x00000000eb080000)
 ParOldGen       total 303616K, used 296609K [0x00000000c0000000, 0x00000000d2880000, 0x00000000eab00000)
  object space 303616K, 97% used [0x00000000c0000000,0x00000000d21a8498,0x00000000d2880000)
 Metaspace       used 65215K, committed 66304K, reserved 1114112K
  class space    used 7473K, committed 7936K, reserved 1048576K
}
Event: 163.223 GC heap before
{Heap before GC invocations=400 (full 13):
 PSYoungGen      total 4608K, used 4192K [0x00000000eab00000, 0x00000000eb180000, 0x0000000100000000)
  eden space 4096K, 100% used [0x00000000eab00000,0x00000000eaf00000,0x00000000eaf00000)
  from space 512K, 18% used [0x00000000eb100000,0x00000000eb118000,0x00000000eb180000)
  to   space 1024K, 0% used [0x00000000eaf80000,0x00000000eaf80000,0x00000000eb080000)
 ParOldGen       total 303616K, used 296609K [0x00000000c0000000, 0x00000000d2880000, 0x00000000eab00000)
  object space 303616K, 97% used [0x00000000c0000000,0x00000000d21a8498,0x00000000d2880000)
 Metaspace       used 65280K, committed 66368K, reserved 1114112K
  class space    used 7473K, committed 7936K, reserved 1048576K
}
Event: 163.225 GC heap after
{Heap after GC invocations=400 (full 13):
 PSYoungGen      total 5120K, used 128K [0x00000000eab00000, 0x00000000eb180000, 0x0000000100000000)
  eden space 4096K, 0% used [0x00000000eab00000,0x00000000eab00000,0x00000000eaf00000)
  from space 1024K, 12% used [0x00000000eaf80000,0x00000000eafa0000,0x00000000eb080000)
  to   space 512K, 0% used [0x00000000eb100000,0x00000000eb100000,0x00000000eb180000)
 ParOldGen       total 303616K, used 296617K [0x00000000c0000000, 0x00000000d2880000, 0x00000000eab00000)
  object space 303616K, 97% used [0x00000000c0000000,0x00000000d21aa498,0x00000000d2880000)
 Metaspace       used 65280K, committed 66368K, reserved 1114112K
  class space    used 7473K, committed 7936K, reserved 1048576K
}

