# JRE version: Java(TM) SE Runtime Environment (18.0.2.1+1) (build 18.0.2.1+1-1)
# Java VM: Java HotSpot(TM) 64-Bit Server VM (18.0.2.1+1-1, mixed mode, sharing, tiered, compressed oops, compressed class ptrs, g1 gc, windows-amd64)
GC Precious Log:
 CardTable entry size: 512
 Card Set container configuration: InlinePtr #cards 5 size 8 Array Of Cards #cards 12 size 40 Howl #buckets 4 coarsen threshold 1843 Howl Bitmap #cards 512 size 80 coarsen threshold 460 Card regions per heap region 1 cards per card region 2048
 CPUs: 4 total, 4 available
 Memory: 3460M
 Large Page Support: Disabled
 NUMA Support: Disabled
 Compressed Oops: Enabled (32-bit)
 Heap Region Size: 1M
 Heap Min Capacity: 8M
 Heap Initial Capacity: 56M
 Heap Max Capacity: 2G
 Pre-touch: Disabled
 Parallel Workers: 4
 Concurrent Workers: 1
 Concurrent Refinement Workers: 4
 Periodic GC: Disabled
Heap:
 garbage-first heap   total 122880K, used 81198K [0x0000000080000000, 0x0000000100000000)
  region size 1024K, 18 young (18432K), 3 survivors (3072K)
 Metaspace       used 65659K, committed 67712K, reserved 487424K
  class space    used 9301K, committed 10368K, reserved 421888K
GC Heap History (20 events):
Event: 91.044 GC heap before
{Heap before GC invocations=35 (full 0):
 garbage-first heap   total 78848K, used 63208K [0x0000000080000000, 0x0000000100000000)
  region size 1024K, 19 young (19456K), 2 survivors (2048K)
 Metaspace       used 51018K, committed 52736K, reserved 487424K
  class space    used 7263K, committed 8192K, reserved 421888K
}
Event: 91.060 GC heap after
{Heap after GC invocations=36 (full 0):
 garbage-first heap   total 78848K, used 45137K [0x0000000080000000, 0x0000000100000000)
  region size 1024K, 3 young (3072K), 3 survivors (3072K)
 Metaspace       used 51018K, committed 52736K, reserved 487424K
  class space    used 7263K, committed 8192K, reserved 421888K
}
Event: 91.224 GC heap before
{Heap before GC invocations=36 (full 0):
 garbage-first heap   total 78848K, used 48209K [0x0000000080000000, 0x0000000100000000)
  region size 1024K, 7 young (7168K), 3 survivors (3072K)
 Metaspace       used 51106K, committed 52864K, reserved 487424K
  class space    used 7264K, committed 8192K, reserved 421888K
}
Event: 91.229 GC heap after
{Heap after GC invocations=37 (full 0):
 garbage-first heap   total 78848K, used 45544K [0x0000000080000000, 0x0000000100000000)
  region size 1024K, 1 young (1024K), 1 survivors (1024K)
 Metaspace       used 51106K, committed 52864K, reserved 487424K
  class space    used 7264K, committed 8192K, reserved 421888K
}
Event: 92.616 GC heap before
{Heap before GC invocations=38 (full 0):
 garbage-first heap   total 86016K, used 68072K [0x0000000080000000, 0x0000000100000000)
  region size 1024K, 19 young (19456K), 1 survivors (1024K)
 Metaspace       used 53329K, committed 55040K, reserved 487424K
  class space    used 7550K, committed 8448K, reserved 421888K
}
Event: 92.622 GC heap after
{Heap after GC invocations=39 (full 0):
 garbage-first heap   total 86016K, used 50862K [0x0000000080000000, 0x0000000100000000)
  region size 1024K, 2 young (2048K), 2 survivors (2048K)
 Metaspace       used 53329K, committed 55040K, reserved 487424K
  class space    used 7550K, committed 8448K, reserved 421888K
}
Event: 93.315 GC heap before
{Heap before GC invocations=39 (full 0):
 garbage-first heap   total 86016K, used 51886K [0x0000000080000000, 0x0000000100000000)
  region size 1024K, 4 young (4096K), 2 survivors (2048K)
 Metaspace       used 53392K, committed 55104K, reserved 487424K
  class space    used 7558K, committed 8448K, reserved 421888K
}
Event: 93.319 GC heap after
{Heap after GC invocations=40 (full 0):
 garbage-first heap   total 86016K, used 51313K [0x0000000080000000, 0x0000000100000000)
  region size 1024K, 2 young (2048K), 2 survivors (2048K)
 Metaspace       used 53392K, committed 55104K, reserved 487424K
  class space    used 7558K, committed 8448K, reserved 421888K
}
Event: 93.573 GC heap before
{Heap before GC invocations=41 (full 0):
 garbage-first heap   total 96256K, used 55409K [0x0000000080000000, 0x0000000100000000)
  region size 1024K, 3 young (3072K), 2 survivors (2048K)
 Metaspace       used 53392K, committed 55104K, reserved 487424K
  class space    used 7558K, committed 8448K, reserved 421888K
}
Event: 93.577 GC heap after
{Heap after GC invocations=42 (full 0):
 garbage-first heap   total 96256K, used 55925K [0x0000000080000000, 0x0000000100000000)
  region size 1024K, 1 young (1024K), 1 survivors (1024K)
 Metaspace       used 53392K, committed 55104K, reserved 487424K
  class space    used 7558K, committed 8448K, reserved 421888K
}
Event: 94.333 GC heap before
{Heap before GC invocations=43 (full 0):
 garbage-first heap   total 102400K, used 75381K [0x0000000080000000, 0x0000000100000000)
  region size 1024K, 17 young (17408K), 1 survivors (1024K)
 Metaspace       used 54620K, committed 56384K, reserved 487424K
  class space    used 7729K, committed 8640K, reserved 421888K
}
Event: 94.336 GC heap after
{Heap after GC invocations=44 (full 0):
 garbage-first heap   total 122880K, used 61152K [0x0000000080000000, 0x0000000100000000)
  region size 1024K, 3 young (3072K), 3 survivors (3072K)
 Metaspace       used 54620K, committed 56384K, reserved 487424K
  class space    used 7729K, committed 8640K, reserved 421888K
}
Event: 95.191 GC heap before
{Heap before GC invocations=44 (full 0):
 garbage-first heap   total 122880K, used 88800K [0x0000000080000000, 0x0000000100000000)
  region size 1024K, 30 young (30720K), 3 survivors (3072K)
 Metaspace       used 57960K, committed 59776K, reserved 487424K
  class space    used 8157K, committed 9088K, reserved 421888K
}
Event: 95.194 GC heap after
{Heap after GC invocations=45 (full 0):
 garbage-first heap   total 122880K, used 62040K [0x0000000080000000, 0x0000000100000000)
  region size 1024K, 3 young (3072K), 3 survivors (3072K)
 Metaspace       used 57960K, committed 59776K, reserved 487424K
  class space    used 8157K, committed 9088K, reserved 421888K
}
Event: 97.771 GC heap before
{Heap before GC invocations=46 (full 0):
 garbage-first heap   total 122880K, used 94808K [0x0000000080000000, 0x0000000100000000)
  region size 1024K, 35 young (35840K), 3 survivors (3072K)
 Metaspace       used 60952K, committed 62848K, reserved 487424K
  class space    used 8646K, committed 9664K, reserved 421888K
}
Event: 97.778 GC heap after
{Heap after GC invocations=47 (full 0):
 garbage-first heap   total 122880K, used 64190K [0x0000000080000000, 0x0000000100000000)
  region size 1024K, 5 young (5120K), 5 survivors (5120K)
 Metaspace       used 60952K, committed 62848K, reserved 487424K
  class space    used 8646K, committed 9664K, reserved 421888K
}
Event: 98.653 GC heap before
{Heap before GC invocations=47 (full 0):
 garbage-first heap   total 122880K, used 94910K [0x0000000080000000, 0x0000000100000000)
  region size 1024K, 35 young (35840K), 5 survivors (5120K)
 Metaspace       used 63024K, committed 65024K, reserved 487424K
  class space    used 8939K, committed 9984K, reserved 421888K
}
Event: 98.664 GC heap after
{Heap after GC invocations=48 (full 0):
 garbage-first heap   total 122880K, used 64845K [0x0000000080000000, 0x0000000100000000)
  region size 1024K, 3 young (3072K), 3 survivors (3072K)
 Metaspace       used 63024K, committed 65024K, reserved 487424K
  class space    used 8939K, committed 9984K, reserved 421888K
}
Event: 100.241 GC heap before
{Heap before GC invocations=49 (full 0):
 garbage-first heap   total 122880K, used 96589K [0x0000000080000000, 0x0000000100000000)
  region size 1024K, 35 young (35840K), 3 survivors (3072K)
 Metaspace       used 64720K, committed 66688K, reserved 487424K
  class space    used 9153K, committed 10176K, reserved 421888K
}
Event: 100.252 GC heap after
{Heap after GC invocations=50 (full 0):
 garbage-first heap   total 122880K, used 66862K [0x0000000080000000, 0x0000000100000000)
  region size 1024K, 3 young (3072K), 3 survivors (3072K)
 Metaspace       used 64720K, committed 66688K, reserved 487424K
  class space    used 9153K, committed 10176K, reserved 421888K
}

