# JRE version: Java(TM) SE Runtime Environment (18.0.2.1+1) (build 18.0.2.1+1-1)
# Java VM: Java HotSpot(TM) 64-Bit Server VM (18.0.2.1+1-1, mixed mode, sharing, tiered, compressed oops, compressed class ptrs, g1 gc, windows-amd64)
GC Precious Log:
 CardTable entry size: 512
 Card Set container configuration: InlinePtr #cards 5 size 8 Array Of Cards #cards 12 size 40 Howl #buckets 4 coarsen threshold 1843 Howl Bitmap #cards 512 size 80 coarsen threshold 460 Card regions per heap region 1 cards per card region 2048
 CPUs: 4 total, 4 available
 Memory: 3460M
 Large Page Support: Disabled
 NUMA Support: Disabled
 Compressed Oops: Enabled (32-bit)
 Heap Region Size: 1M
 Heap Min Capacity: 8M
 Heap Initial Capacity: 56M
 Heap Max Capacity: 2G
 Pre-touch: Disabled
 Parallel Workers: 4
 Concurrent Workers: 1
 Concurrent Refinement Workers: 4
 Periodic GC: Disabled
Heap:
 garbage-first heap   total 399360K, used 241513K [0x0000000080000000, 0x0000000100000000)
  region size 1024K, 9 young (9216K), 9 survivors (9216K)
 Metaspace       used 112335K, committed 115072K, reserved 552960K
  class space    used 15608K, committed 16960K, reserved 421888K
GC Heap History (20 events):
Event: 44.499 GC heap after
{Heap after GC invocations=50 (full 0):
 garbage-first heap   total 285696K, used 164327K [0x0000000080000000, 0x0000000100000000)
  region size 1024K, 1 young (1024K), 1 survivors (1024K)
 Metaspace       used 100516K, committed 103104K, reserved 552960K
  class space    used 14100K, committed 15424K, reserved 421888K
}
Event: 45.816 GC heap before
{Heap before GC invocations=50 (full 0):
 garbage-first heap   total 285696K, used 215527K [0x0000000080000000, 0x0000000100000000)
  region size 1024K, 51 young (52224K), 1 survivors (1024K)
 Metaspace       used 103123K, committed 105728K, reserved 552960K
  class space    used 14502K, committed 15808K, reserved 421888K
}
Event: 45.821 GC heap after
{Heap after GC invocations=51 (full 0):
 garbage-first heap   total 285696K, used 166566K [0x0000000080000000, 0x0000000100000000)
  region size 1024K, 3 young (3072K), 3 survivors (3072K)
 Metaspace       used 103123K, committed 105728K, reserved 552960K
  class space    used 14502K, committed 15808K, reserved 421888K
}
Event: 46.632 GC heap before
{Heap before GC invocations=52 (full 0):
 garbage-first heap   total 304128K, used 219814K [0x0000000080000000, 0x0000000100000000)
  region size 1024K, 55 young (56320K), 3 survivors (3072K)
 Metaspace       used 105378K, committed 107968K, reserved 552960K
  class space    used 14796K, committed 16128K, reserved 421888K
}
Event: 46.643 GC heap after
{Heap after GC invocations=53 (full 0):
 garbage-first heap   total 304128K, used 171471K [0x0000000080000000, 0x0000000100000000)
  region size 1024K, 7 young (7168K), 7 survivors (7168K)
 Metaspace       used 105378K, committed 107968K, reserved 552960K
  class space    used 14796K, committed 16128K, reserved 421888K
}
Event: 46.706 GC heap before
{Heap before GC invocations=53 (full 0):
 garbage-first heap   total 304128K, used 178639K [0x0000000080000000, 0x0000000100000000)
  region size 1024K, 14 young (14336K), 7 survivors (7168K)
 Metaspace       used 105509K, committed 108096K, reserved 552960K
  class space    used 14810K, committed 16128K, reserved 421888K
}
Event: 46.723 GC heap after
{Heap after GC invocations=54 (full 0):
 garbage-first heap   total 399360K, used 171994K [0x0000000080000000, 0x0000000100000000)
  region size 1024K, 2 young (2048K), 2 survivors (2048K)
 Metaspace       used 105509K, committed 108096K, reserved 552960K
  class space    used 14810K, committed 16128K, reserved 421888K
}
Event: 47.898 GC heap before
{Heap before GC invocations=54 (full 0):
 garbage-first heap   total 399360K, used 244698K [0x0000000080000000, 0x0000000100000000)
  region size 1024K, 75 young (76800K), 2 survivors (2048K)
 Metaspace       used 105749K, committed 108352K, reserved 552960K
  class space    used 14830K, committed 16128K, reserved 421888K
}
Event: 47.920 GC heap after
{Heap after GC invocations=55 (full 0):
 garbage-first heap   total 399360K, used 185957K [0x0000000080000000, 0x0000000100000000)
  region size 1024K, 14 young (14336K), 14 survivors (14336K)
 Metaspace       used 105749K, committed 108352K, reserved 552960K
  class space    used 14830K, committed 16128K, reserved 421888K
}
Event: 50.435 GC heap before
{Heap before GC invocations=56 (full 0):
 garbage-first heap   total 399360K, used 295525K [0x0000000080000000, 0x0000000100000000)
  region size 1024K, 118 young (120832K), 14 survivors (14336K)
 Metaspace       used 106632K, committed 109312K, reserved 552960K
  class space    used 14923K, committed 16256K, reserved 421888K
}
Event: 50.486 GC heap after
{Heap after GC invocations=57 (full 0):
 garbage-first heap   total 399360K, used 209098K [0x0000000080000000, 0x0000000100000000)
  region size 1024K, 15 young (15360K), 15 survivors (15360K)
 Metaspace       used 106632K, committed 109312K, reserved 552960K
  class space    used 14923K, committed 16256K, reserved 421888K
}
Event: 50.607 GC heap before
{Heap before GC invocations=57 (full 0):
 garbage-first heap   total 399360K, used 215242K [0x0000000080000000, 0x0000000100000000)
  region size 1024K, 19 young (19456K), 15 survivors (15360K)
 Metaspace       used 106683K, committed 109440K, reserved 552960K
  class space    used 14930K, committed 16320K, reserved 421888K
}
Event: 50.633 GC heap after
{Heap after GC invocations=58 (full 0):
 garbage-first heap   total 399360K, used 213504K [0x0000000080000000, 0x0000000100000000)
  region size 1024K, 3 young (3072K), 3 survivors (3072K)
 Metaspace       used 106683K, committed 109440K, reserved 552960K
  class space    used 14930K, committed 16320K, reserved 421888K
}
Event: 52.466 GC heap before
{Heap before GC invocations=58 (full 0):
 garbage-first heap   total 399360K, used 302592K [0x0000000080000000, 0x0000000100000000)
  region size 1024K, 91 young (93184K), 3 survivors (3072K)
 Metaspace       used 111033K, committed 113728K, reserved 552960K
  class space    used 15512K, committed 16832K, reserved 421888K
}
Event: 52.489 GC heap after
{Heap after GC invocations=59 (full 0):
 garbage-first heap   total 399360K, used 222104K [0x0000000080000000, 0x0000000100000000)
  region size 1024K, 12 young (12288K), 12 survivors (12288K)
 Metaspace       used 111033K, committed 113728K, reserved 552960K
  class space    used 15512K, committed 16832K, reserved 421888K
}
Event: 54.486 GC heap before
{Heap before GC invocations=60 (full 0):
 garbage-first heap   total 399360K, used 310168K [0x0000000080000000, 0x0000000100000000)
  region size 1024K, 98 young (100352K), 12 survivors (12288K)
 Metaspace       used 111851K, committed 114496K, reserved 552960K
  class space    used 15568K, committed 16896K, reserved 421888K
}
Event: 54.526 GC heap after
{Heap after GC invocations=61 (full 0):
 garbage-first heap   total 399360K, used 233846K [0x0000000080000000, 0x0000000100000000)
  region size 1024K, 12 young (12288K), 12 survivors (12288K)
 Metaspace       used 111851K, committed 114496K, reserved 552960K
  class space    used 15568K, committed 16896K, reserved 421888K
}
Event: 54.931 GC heap before
{Heap before GC invocations=61 (full 0):
 garbage-first heap   total 399360K, used 241014K [0x0000000080000000, 0x0000000100000000)
  region size 1024K, 19 young (19456K), 12 survivors (12288K)
 Metaspace       used 111870K, committed 114560K, reserved 552960K
  class space    used 15568K, committed 16896K, reserved 421888K
}
Event: 54.954 GC heap after
{Heap after GC invocations=62 (full 0):
 garbage-first heap   total 399360K, used 234894K [0x0000000080000000, 0x0000000100000000)
  region size 1024K, 2 young (2048K), 2 survivors (2048K)
 Metaspace       used 111870K, committed 114560K, reserved 552960K
  class space    used 15568K, committed 16896K, reserved 421888K
}
Event: 57.234 GC heap before
{Heap before GC invocations=62 (full 0):
 garbage-first heap   total 399360K, used 316814K [0x0000000080000000, 0x0000000100000000)
  region size 1024K, 83 young (84992K), 2 survivors (2048K)
 Metaspace       used 112335K, committed 115072K, reserved 552960K
  class space    used 15608K, committed 16960K, reserved 421888K
}

